cl : command line  warning D9035: option 'Gm' has been deprecated and will be removed in a future release
  Spaceship.cpp
  main.cpp
  Explosion.cpp
  Bullet.cpp
  Asteroids.cpp
C:\Users\adgz429\OneDrive - City St George's, University of London\Desktop\Nafeez IN2026 Coursework Code - POWERS!\src\Asteroids.cpp(275,23): warning C4018: '<': signed/unsigned mismatch
C:\Users\adgz429\OneDrive - City St George's, University of London\Desktop\Nafeez IN2026 Coursework Code - POWERS!\src\Asteroids.cpp(542,17): warning C4018: '<': signed/unsigned mismatch
  Asteroid.cpp
  Generating Code...
Asteroid.obj : warning LNK4075: ignoring '/EDITANDCONTINUE' due to '/SAFESEH' specification
  Asteroids.vcxproj -> C:\Users\adgz429\OneDrive - City St George's, University of London\Desktop\Nafeez IN2026 Coursework Code - POWERS!\bin\Asteroids.exe
  ..\..\assets\asteroid.shape
  ..\..\assets\asteroid1_fs.png
  ..\..\assets\bullet.shape
  ..\..\assets\explosion_fs.png
  ..\..\assets\leaderboard.txt
  ..\..\assets\spaceship.shape
  ..\..\assets\spaceship_fs.png
  ..\..\assets\thruster.shape
          8 file(s) copied.
