c:\users\adgz429\onedrive - city st george's, university of london\desktop\nafeez in2026 coursework code - invulnerability\vc\asteroids\debug\vc143.pdb
c:\users\adgz429\onedrive - city st george's, university of london\desktop\nafeez in2026 coursework code - invulnerability\vc\asteroids\debug\vc143.idb
c:\users\adgz429\onedrive - city st george's, university of london\desktop\nafeez in2026 coursework code - invulnerability\vc\asteroids\debug\asteroid.obj
c:\users\adgz429\onedrive - city st george's, university of london\desktop\nafeez in2026 coursework code - invulnerability\vc\asteroids\debug\asteroids.obj
c:\users\adgz429\onedrive - city st george's, university of london\desktop\nafeez in2026 coursework code - invulnerability\vc\asteroids\debug\bullet.obj
c:\users\adgz429\onedrive - city st george's, university of london\desktop\nafeez in2026 coursework code - invulnerability\vc\asteroids\debug\explosion.obj
c:\users\adgz429\onedrive - city st george's, university of london\desktop\nafeez in2026 coursework code - invulnerability\vc\asteroids\debug\main.obj
c:\users\adgz429\onedrive - city st george's, university of london\desktop\nafeez in2026 coursework code - invulnerability\vc\asteroids\debug\spaceship.obj
c:\users\adgz429\onedrive - city st george's, university of london\desktop\in2026 coursework code\nafeez in2026 coursework code - freshstart\bin\asteroids.exe
c:\users\adgz429\onedrive - city st george's, university of london\desktop\in2026 coursework code\nafeez in2026 coursework code - freshstart\vc\asteroids\debug\asteroids.pdb
c:\users\adgz429\onedrive - city st george's, university of london\desktop\nafeez in2026 coursework code - freshstart\bin\asteroids.exe
c:\users\adgz429\onedrive - city st george's, university of london\desktop\nafeez in2026 coursework code - freshstart\vc\asteroids\debug\asteroids.pdb
c:\users\adgz429\onedrive - city st george's, university of london\desktop\nafeez in2026 coursework code - work\bin\asteroids.exe
c:\users\adgz429\onedrive - city st george's, university of london\desktop\nafeez in2026 coursework code - work\vc\asteroids\debug\asteroids.pdb
c:\users\adgz429\onedrive - city st george's, university of london\desktop\nafeez in2026 coursework code - extralife\bin\asteroids.exe
c:\users\adgz429\onedrive - city st george's, university of london\desktop\nafeez in2026 coursework code - extralife\vc\asteroids\debug\asteroids.pdb
c:\users\adgz429\onedrive - city st george's, university of london\desktop\nafeez in2026 coursework code - invulnerability\bin\asteroids.exe
c:\users\adgz429\onedrive - city st george's, university of london\desktop\nafeez in2026 coursework code - invulnerability\vc\asteroids\debug\asteroids.pdb
c:\users\adgz429\onedrive - city st george's, university of london\desktop\nafeez in2026 coursework code - invulnerability\vc\asteroids\debug\asteroids.ilk
c:\users\adgz429\onedrive - city st george's, university of london\desktop\nafeez in2026 coursework code - invulnerability\vc\asteroids\debug\asteroids.tlog\cl.command.1.tlog
c:\users\adgz429\onedrive - city st george's, university of london\desktop\nafeez in2026 coursework code - invulnerability\vc\asteroids\debug\asteroids.tlog\cl.items.tlog
c:\users\adgz429\onedrive - city st george's, university of london\desktop\nafeez in2026 coursework code - invulnerability\vc\asteroids\debug\asteroids.tlog\cl.read.1.tlog
c:\users\adgz429\onedrive - city st george's, university of london\desktop\nafeez in2026 coursework code - invulnerability\vc\asteroids\debug\asteroids.tlog\cl.write.1.tlog
c:\users\adgz429\onedrive - city st george's, university of london\desktop\nafeez in2026 coursework code - invulnerability\vc\asteroids\debug\asteroids.tlog\link.command.1.tlog
c:\users\adgz429\onedrive - city st george's, university of london\desktop\nafeez in2026 coursework code - invulnerability\vc\asteroids\debug\asteroids.tlog\link.read.1.tlog
c:\users\adgz429\onedrive - city st george's, university of london\desktop\nafeez in2026 coursework code - invulnerability\vc\asteroids\debug\asteroids.tlog\link.secondary.1.tlog
c:\users\adgz429\onedrive - city st george's, university of london\desktop\nafeez in2026 coursework code - invulnerability\vc\asteroids\debug\asteroids.tlog\link.write.1.tlog
